\BOOKMARK [1][-]{section.1}{Tanggal 26 Maret 2020:}{}% 1
\BOOKMARK [1][-]{section.2}{Tanggal 28 Maret 2020:}{}% 2
\BOOKMARK [1][-]{section.3}{Tanggal 29 Maret 2020:}{}% 3
\BOOKMARK [1][-]{section.4}{Tanggal 30 Maret 2020:}{}% 4
\BOOKMARK [1][-]{section.5}{Tanggal 31 Maret 2020:}{}% 5
\BOOKMARK [1][-]{section.6}{Tanggal 1 April 2020:}{}% 6
\BOOKMARK [1][-]{section.7}{Tanggal 2 April 2020:}{}% 7
\BOOKMARK [1][-]{section.8}{Tanggal 3 April 2020:}{}% 8
\BOOKMARK [1][-]{section.9}{Tanggal 5 April 2020:}{}% 9
\BOOKMARK [1][-]{section.10}{Tanggal 6 April 2020:}{}% 10
\BOOKMARK [1][-]{section.11}{Tanggal 7 April 2020:}{}% 11
\BOOKMARK [1][-]{section.12}{Tanggal 8 April 2020:}{}% 12
\BOOKMARK [1][-]{section.13}{Tanggal 9 April 2020:}{}% 13
\BOOKMARK [1][-]{section.14}{Tanggal 10 April 2020:}{}% 14
\BOOKMARK [1][-]{section.15}{Tanggal 13 April 2020:}{}% 15
\BOOKMARK [1][-]{section.16}{Tanggal 14 April 2020:}{}% 16
\BOOKMARK [1][-]{section.17}{Tanggal 18 April 2020:}{}% 17
\BOOKMARK [1][-]{section.18}{Tanggal 20 April 2020:}{}% 18
\BOOKMARK [1][-]{section.19}{Tanggal 22 April 2020:}{}% 19
\BOOKMARK [1][-]{section.20}{Tanggal 24 April 2020:}{}% 20
\BOOKMARK [1][-]{section.21}{Tanggal 29 April 2020:}{}% 21
\BOOKMARK [1][-]{section.22}{Tanggal 4 Mei 2020:}{}% 22
\BOOKMARK [1][-]{section.23}{Tanggal 5 Mei 2020:}{}% 23
\BOOKMARK [1][-]{section.24}{Tanggal 6 Mei 2020:}{}% 24
\BOOKMARK [1][-]{section.25}{Tanggal 12 Mei 2020:}{}% 25
\BOOKMARK [1][-]{section.26}{Tanggal 13 Mei 2020:}{}% 26
\BOOKMARK [1][-]{section.27}{Tanggal 14 Mei 2020:}{}% 27
\BOOKMARK [1][-]{section.28}{Tanggal 21 Mei 2020:}{}% 28
\BOOKMARK [1][-]{section.29}{Tanggal 22 Juni 2020:}{}% 29
\BOOKMARK [1][-]{section.30}{Tanggal 9 Juli 2020:}{}% 30
\BOOKMARK [1][-]{section.31}{Tanggal 15 Juli 2020:}{}% 31
\BOOKMARK [1][-]{section.32}{Tanggal 16 Juli 2020:}{}% 32
